<?xml version="1.0" encoding="UTF-8"?>
<!-- Generated by org.testng.reporters.JUnitReportReporter -->
<testsuite hostname="DESKTOP-85PDU80" failures="0" tests="1" name="Upload_File.test_upload_file" time="9.165" errors="0" timestamp="2023-07-19T01:40:42 IST" skipped="0">
  <testcase classname="Upload_File.test_upload_file" name="upload_file" time="9.165"/>
  <system-out/>
</testsuite> <!-- Upload_File.test_upload_file -->
