<?xml version="1.0" encoding="UTF-8"?>
<!-- Generated by org.testng.reporters.JUnitReportReporter -->
<testsuite hostname="DESKTOP-85PDU80" failures="0" tests="1" name="Broken_Images.test_broken_link_images" time="9.744" errors="0" timestamp="2023-07-19T01:40:42 IST" skipped="0">
  <testcase classname="Broken_Images.test_broken_link_images" name="finds_broken_link" time="9.744"/>
  <system-out/>
</testsuite> <!-- Broken_Images.test_broken_link_images -->
